This is pdfTeX, Version 3.141592653-2.6-1.40.23 (MiKTeX 21.8) (preloaded format=pdflatex 2021.9.30)  21 JAN 2022 21:47
entering extended mode
**./rapport.tex
(rapport.tex
LaTeX2e <2021-06-01> patch level 1
L3 programming layer <2021-08-27>
(C:\Users\Yamato Musubi\AppData\Local\Programs\MiKTeX\tex/latex/base\article.cl
s
Document Class: article 2021/02/12 v1.4n Standard LaTeX document class

(C:\Users\Yamato Musubi\AppData\Local\Programs\MiKTeX\tex/latex/base\size10.clo
File: size10.clo 2021/02/12 v1.4n Standard LaTeX file (size option)
)
\c@part=\count182
\c@section=\count183
\c@subsection=\count184
\c@subsubsection=\count185
\c@paragraph=\count186
\c@subparagraph=\count187
\c@figure=\count188
\c@table=\count189
\abovecaptionskip=\skip47
\belowcaptionskip=\skip48
\bibindent=\dimen138
)
(C:\Users\Yamato Musubi\AppData\Local\Programs\MiKTeX\tex/generic/babel\babel.s
ty
Package: babel 2021/07/22 3.63 The Babel package

(C:\Users\Yamato Musubi\AppData\Local\Programs\MiKTeX\tex/generic/babel\babel.d
ef
File: babel.def 2021/07/22 3.63 Babel common definitions
\babel@savecnt=\count190
\U@D=\dimen139
\l@unhyphenated=\language79

(C:\Users\Yamato Musubi\AppData\Local\Programs\MiKTeX\tex/generic/babel\txtbabe
l.def)
\bbl@readstream=\read2
)
\bbl@dirlevel=\count191

*************************************
* Local config file bblopts.cfg used
*

(C:\Users\Yamato Musubi\AppData\Local\Programs\MiKTeX\tex/latex/arabi\bblopts.c
fg
File: bblopts.cfg 2005/09/08 v0.1 add Arabic and Farsi to "declared" options of
 babel
)
(C:\Users\Yamato Musubi\AppData\Local\Programs\MiKTeX\tex/generic/babel-french\
francais.ldf
Language: francais 2021/07/20 v3.5m French support from the babel system


Package francais.ldf Warning: Option `francais' for Babel is *deprecated*,
(francais.ldf)                it might be removed sooner or later. Please
(francais.ldf)                use `french' instead; reported on input line 31.


(C:\Users\Yamato Musubi\AppData\Local\Programs\MiKTeX\tex/generic/babel-french\
french.ldf
Language: french 2021/07/20 v3.5m French support from the babel system
Package babel Info: Hyphen rules for 'acadian' set to \l@french
(babel)             (\language22). Reported on input line 91.
Package babel Info: Hyphen rules for 'canadien' set to \l@french
(babel)             (\language22). Reported on input line 92.
\FB@nonchar=\count192
Package babel Info: Making : an active character on input line 430.
Package babel Info: Making ; an active character on input line 431.
Package babel Info: Making ! an active character on input line 432.
Package babel Info: Making ? an active character on input line 433.
\FBguill@level=\count193
\FBold@everypar=\toks16
\FB@Mht=\dimen140
\mc@charclass=\count194
\mc@charfam=\count195
\mc@charslot=\count196
\std@mcc=\count197
\dec@mcc=\count198
\listindentFB=\dimen141
\descindentFB=\dimen142
\labelindentFB=\dimen143
\labelwidthFB=\dimen144
\leftmarginFB=\dimen145
\parindentFFN=\dimen146
\FBfnindent=\dimen147
)))
(C:\Users\Yamato Musubi\AppData\Local\Programs\MiKTeX\tex/latex/carlisle\scalef
nt.sty)
(C:\Users\Yamato Musubi\AppData\Local\Programs\MiKTeX\tex/latex/graphics\keyval
.sty
Package: keyval 2014/10/28 v1.15 key=value parser (DPC)
\KV@toks@=\toks17
)
(C:\Users\Yamato Musubi\AppData\Local\Programs\MiKTeX\tex/latex/amsmath\amsmath
.sty
Package: amsmath 2021/04/20 v2.17j AMS math features
\@mathmargin=\skip49

For additional information on amsmath, use the `?' option.

(C:\Users\Yamato Musubi\AppData\Local\Programs\MiKTeX\tex/latex/amsmath\amstext
.sty
Package: amstext 2000/06/29 v2.01 AMS text

(C:\Users\Yamato Musubi\AppData\Local\Programs\MiKTeX\tex/latex/amsmath\amsgen.
sty
File: amsgen.sty 1999/11/30 v2.0 generic functions
\@emptytoks=\toks18
\ex@=\dimen148
))
(C:\Users\Yamato Musubi\AppData\Local\Programs\MiKTeX\tex/latex/amsmath\amsbsy.
sty
Package: amsbsy 1999/11/29 v1.2d Bold Symbols
\pmbraise@=\dimen149
)
(C:\Users\Yamato Musubi\AppData\Local\Programs\MiKTeX\tex/latex/amsmath\amsopn.
sty
Package: amsopn 2016/03/08 v2.02 operator names
)
\inf@bad=\count199
LaTeX Info: Redefining \frac on input line 234.
\uproot@=\count266
\leftroot@=\count267
LaTeX Info: Redefining \overline on input line 399.
\classnum@=\count268
\DOTSCASE@=\count269
LaTeX Info: Redefining \ldots on input line 496.
LaTeX Info: Redefining \dots on input line 499.
LaTeX Info: Redefining \cdots on input line 620.
\Mathstrutbox@=\box50
\strutbox@=\box51
\big@size=\dimen150
LaTeX Font Info:    Redeclaring font encoding OML on input line 743.
LaTeX Font Info:    Redeclaring font encoding OMS on input line 744.
\macc@depth=\count270
\c@MaxMatrixCols=\count271
\dotsspace@=\muskip16
\c@parentequation=\count272
\dspbrk@lvl=\count273
\tag@help=\toks19
\row@=\count274
\column@=\count275
\maxfields@=\count276
\andhelp@=\toks20
\eqnshift@=\dimen151
\alignsep@=\dimen152
\tagshift@=\dimen153
\tagwidth@=\dimen154
\totwidth@=\dimen155
\lineht@=\dimen156
\@envbody=\toks21
\multlinegap=\skip50
\multlinetaggap=\skip51
\mathdisplay@stack=\toks22
LaTeX Info: Redefining \[ on input line 2923.
LaTeX Info: Redefining \] on input line 2924.
)
(C:\Users\Yamato Musubi\AppData\Local\Programs\MiKTeX\tex/latex/base\inputenc.s
ty
Package: inputenc 2021/02/14 v1.3d Input encoding file
\inpenc@prehook=\toks23
\inpenc@posthook=\toks24
)
(C:\Users\Yamato Musubi\AppData\Local\Programs\MiKTeX\tex/latex/base\fontenc.st
y
Package: fontenc 2021/04/29 v2.0v Standard LaTeX package
)
(C:\Users\Yamato Musubi\AppData\Local\Programs\MiKTeX\tex/latex/fancybox\fancyb
ox.sty
Package: fancybox 2010/05/15 1.4

Style option: `fancybox' v1.4 <2010/05/15> (tvz)
\@fancybox=\box52
\shadowsize=\dimen157
\@Sbox=\box53
\do@VerbBox=\toks25
\the@fancyput=\toks26
\this@fancyput=\toks27
\EndVerbatimTokens=\toks28
\Verbatim@Outfile=\write3
\Verbatim@Infile=\read3
)
(C:\Users\Yamato Musubi\AppData\Local\Programs\MiKTeX\tex/latex/base\alltt.sty
Package: alltt 2021/01/29 v2.0g defines alltt environment
)
(C:\Users\Yamato Musubi\AppData\Local\Programs\MiKTeX\tex/latex/graphics\graphi
cx.sty
Package: graphicx 2020/12/05 v1.2c Enhanced LaTeX Graphics (DPC,SPQR)

(C:\Users\Yamato Musubi\AppData\Local\Programs\MiKTeX\tex/latex/graphics\graphi
cs.sty
Package: graphics 2021/03/04 v1.4d Standard LaTeX Graphics (DPC,SPQR)

(C:\Users\Yamato Musubi\AppData\Local\Programs\MiKTeX\tex/latex/graphics\trig.s
ty
Package: trig 2016/01/03 v1.10 sin cos tan (DPC)
)
(C:\Users\Yamato Musubi\AppData\Local\Programs\MiKTeX\tex/latex/graphics-cfg\gr
aphics.cfg
File: graphics.cfg 2016/06/04 v1.11 sample graphics configuration
)
Package graphics Info: Driver file: pdftex.def on input line 107.

(C:\Users\Yamato Musubi\AppData\Local\Programs\MiKTeX\tex/latex/graphics-def\pd
ftex.def
File: pdftex.def 2020/10/05 v1.2a Graphics/color driver for pdftex
))
\Gin@req@height=\dimen158
\Gin@req@width=\dimen159
)
(C:\Users\Yamato Musubi\AppData\Local\Programs\MiKTeX\tex/latex/lm\lmodern.sty
Package: lmodern 2009/10/30 v1.6 Latin Modern Fonts
LaTeX Font Info:    Overwriting symbol font `operators' in version `normal'
(Font)                  OT1/cmr/m/n --> OT1/lmr/m/n on input line 22.
LaTeX Font Info:    Overwriting symbol font `letters' in version `normal'
(Font)                  OML/cmm/m/it --> OML/lmm/m/it on input line 23.
LaTeX Font Info:    Overwriting symbol font `symbols' in version `normal'
(Font)                  OMS/cmsy/m/n --> OMS/lmsy/m/n on input line 24.
LaTeX Font Info:    Overwriting symbol font `largesymbols' in version `normal'
(Font)                  OMX/cmex/m/n --> OMX/lmex/m/n on input line 25.
LaTeX Font Info:    Overwriting symbol font `operators' in version `bold'
(Font)                  OT1/cmr/bx/n --> OT1/lmr/bx/n on input line 26.
LaTeX Font Info:    Overwriting symbol font `letters' in version `bold'
(Font)                  OML/cmm/b/it --> OML/lmm/b/it on input line 27.
LaTeX Font Info:    Overwriting symbol font `symbols' in version `bold'
(Font)                  OMS/cmsy/b/n --> OMS/lmsy/b/n on input line 28.
LaTeX Font Info:    Overwriting symbol font `largesymbols' in version `bold'
(Font)                  OMX/cmex/m/n --> OMX/lmex/m/n on input line 29.
LaTeX Font Info:    Overwriting math alphabet `\mathbf' in version `normal'
(Font)                  OT1/cmr/bx/n --> OT1/lmr/bx/n on input line 31.
LaTeX Font Info:    Overwriting math alphabet `\mathsf' in version `normal'
(Font)                  OT1/cmss/m/n --> OT1/lmss/m/n on input line 32.
LaTeX Font Info:    Overwriting math alphabet `\mathit' in version `normal'
(Font)                  OT1/cmr/m/it --> OT1/lmr/m/it on input line 33.
LaTeX Font Info:    Overwriting math alphabet `\mathtt' in version `normal'
(Font)                  OT1/cmtt/m/n --> OT1/lmtt/m/n on input line 34.
LaTeX Font Info:    Overwriting math alphabet `\mathbf' in version `bold'
(Font)                  OT1/cmr/bx/n --> OT1/lmr/bx/n on input line 35.
LaTeX Font Info:    Overwriting math alphabet `\mathsf' in version `bold'
(Font)                  OT1/cmss/bx/n --> OT1/lmss/bx/n on input line 36.
LaTeX Font Info:    Overwriting math alphabet `\mathit' in version `bold'
(Font)                  OT1/cmr/bx/it --> OT1/lmr/bx/it on input line 37.
LaTeX Font Info:    Overwriting math alphabet `\mathtt' in version `bold'
(Font)                  OT1/cmtt/m/n --> OT1/lmtt/m/n on input line 38.
)
(C:\Users\Yamato Musubi\AppData\Local\Programs\MiKTeX\tex/latex/hyperref\hyperr
ef.sty
Package: hyperref 2021-06-07 v7.00m Hypertext links for LaTeX

(C:\Users\Yamato Musubi\AppData\Local\Programs\MiKTeX\tex/generic/ltxcmds\ltxcm
ds.sty
Package: ltxcmds 2020-05-10 v1.25 LaTeX kernel commands for general use (HO)
)
(C:\Users\Yamato Musubi\AppData\Local\Programs\MiKTeX\tex/generic/iftex\iftex.s
ty
Package: iftex 2020/03/06 v1.0d TeX engine tests
)
(C:\Users\Yamato Musubi\AppData\Local\Programs\MiKTeX\tex/generic/pdftexcmds\pd
ftexcmds.sty
Package: pdftexcmds 2020-06-27 v0.33 Utility functions of pdfTeX for LuaTeX (HO
)

(C:\Users\Yamato Musubi\AppData\Local\Programs\MiKTeX\tex/generic/infwarerr\inf
warerr.sty
Package: infwarerr 2019/12/03 v1.5 Providing info/warning/error messages (HO)
)
Package pdftexcmds Info: \pdf@primitive is available.
Package pdftexcmds Info: \pdf@ifprimitive is available.
Package pdftexcmds Info: \pdfdraftmode found.
)
(C:\Users\Yamato Musubi\AppData\Local\Programs\MiKTeX\tex/generic/kvsetkeys\kvs
etkeys.sty
Package: kvsetkeys 2019/12/15 v1.18 Key value parser (HO)
)
(C:\Users\Yamato Musubi\AppData\Local\Programs\MiKTeX\tex/generic/kvdefinekeys\
kvdefinekeys.sty
Package: kvdefinekeys 2019-12-19 v1.6 Define keys (HO)
)
(C:\Users\Yamato Musubi\AppData\Local\Programs\MiKTeX\tex/generic/pdfescape\pdf
escape.sty
Package: pdfescape 2019/12/09 v1.15 Implements pdfTeX's escape features (HO)
)
(C:\Users\Yamato Musubi\AppData\Local\Programs\MiKTeX\tex/latex/hycolor\hycolor
.sty
Package: hycolor 2020-01-27 v1.10 Color options for hyperref/bookmark (HO)
)
(C:\Users\Yamato Musubi\AppData\Local\Programs\MiKTeX\tex/latex/letltxmacro\let
ltxmacro.sty
Package: letltxmacro 2019/12/03 v1.6 Let assignment for LaTeX macros (HO)
)
(C:\Users\Yamato Musubi\AppData\Local\Programs\MiKTeX\tex/latex/auxhook\auxhook
.sty
Package: auxhook 2019-12-17 v1.6 Hooks for auxiliary files (HO)
)
(C:\Users\Yamato Musubi\AppData\Local\Programs\MiKTeX\tex/latex/kvoptions\kvopt
ions.sty
Package: kvoptions 2020-10-07 v3.14 Key value format for package options (HO)
)
\@linkdim=\dimen160
\Hy@linkcounter=\count277
\Hy@pagecounter=\count278

(C:\Users\Yamato Musubi\AppData\Local\Programs\MiKTeX\tex/latex/hyperref\pd1enc
.def
File: pd1enc.def 2021-06-07 v7.00m Hyperref: PDFDocEncoding definition (HO)
Now handling font encoding PD1 ...
... no UTF-8 mapping file for font encoding PD1
)
(C:\Users\Yamato Musubi\AppData\Local\Programs\MiKTeX\tex/latex/hyperref\hyperr
ef-langpatches.def
File: hyperref-langpatches.def 2021-06-07 v7.00m Hyperref: patches for babel la
nguages
)
(C:\Users\Yamato Musubi\AppData\Local\Programs\MiKTeX\tex/generic/intcalc\intca
lc.sty
Package: intcalc 2019/12/15 v1.3 Expandable calculations with integers (HO)
)
(C:\Users\Yamato Musubi\AppData\Local\Programs\MiKTeX\tex/generic/etexcmds\etex
cmds.sty
Package: etexcmds 2019/12/15 v1.7 Avoid name clashes with e-TeX commands (HO)
)
\Hy@SavedSpaceFactor=\count279

(C:\Users\Yamato Musubi\AppData\Local\Programs\MiKTeX\tex/latex/hyperref\puenc.
def
File: puenc.def 2021-06-07 v7.00m Hyperref: PDF Unicode definition (HO)
Now handling font encoding PU ...
... no UTF-8 mapping file for font encoding PU
)
Package hyperref Info: Option `colorlinks' set `true' on input line 4073.
Package hyperref Info: Option `hyperindex' set `true' on input line 4073.
Package hyperref Info: Option `bookmarks' set `true' on input line 4073.
Package hyperref Info: Hyper figures OFF on input line 4192.
Package hyperref Info: Link nesting OFF on input line 4197.
Package hyperref Info: Hyper index ON on input line 4200.
Package hyperref Info: Plain pages OFF on input line 4207.
Package hyperref Info: Backreferencing OFF on input line 4212.
Package hyperref Info: Implicit mode ON; LaTeX internals redefined.
Package hyperref Info: Bookmarks ON on input line 4445.
\c@Hy@tempcnt=\count280

(C:\Users\Yamato Musubi\AppData\Local\Programs\MiKTeX\tex/latex/url\url.sty
\Urlmuskip=\muskip17
Package: url 2013/09/16  ver 3.4  Verb mode for urls, etc.
)
LaTeX Info: Redefining \url on input line 4804.
\XeTeXLinkMargin=\dimen161

(C:\Users\Yamato Musubi\AppData\Local\Programs\MiKTeX\tex/generic/bitset\bitset
.sty
Package: bitset 2019/12/09 v1.3 Handle bit-vector datatype (HO)

(C:\Users\Yamato Musubi\AppData\Local\Programs\MiKTeX\tex/generic/bigintcalc\bi
gintcalc.sty
Package: bigintcalc 2019/12/15 v1.5 Expandable calculations on big integers (HO
)
))
\Fld@menulength=\count281
\Field@Width=\dimen162
\Fld@charsize=\dimen163
Package hyperref Info: Hyper figures OFF on input line 6076.
Package hyperref Info: Link nesting OFF on input line 6081.
Package hyperref Info: Hyper index ON on input line 6084.
Package hyperref Info: backreferencing OFF on input line 6091.
Package hyperref Info: Link coloring ON on input line 6094.
Package hyperref Info: Link coloring with OCG OFF on input line 6101.
Package hyperref Info: PDF/A mode OFF on input line 6106.
LaTeX Info: Redefining \ref on input line 6146.
LaTeX Info: Redefining \pageref on input line 6150.

(C:\Users\Yamato Musubi\AppData\Local\Programs\MiKTeX\tex/latex/base\atbegshi-l
tx.sty
Package: atbegshi-ltx 2021/01/10 v1.0c Emulation of the original atbegshi
package with kernel methods
)
\Hy@abspage=\count282
\c@Item=\count283
\c@Hfootnote=\count284
)
Package hyperref Info: Driver (autodetected): hpdftex.

(C:\Users\Yamato Musubi\AppData\Local\Programs\MiKTeX\tex/latex/hyperref\hpdfte
x.def
File: hpdftex.def 2021-06-07 v7.00m Hyperref driver for pdfTeX

(C:\Users\Yamato Musubi\AppData\Local\Programs\MiKTeX\tex/latex/base\atveryend-
ltx.sty
Package: atveryend-ltx 2020/08/19 v1.0a Emulation of the original atvery packag
e
with kernel methods
)
\Fld@listcount=\count285
\c@bookmark@seq@number=\count286

(C:\Users\Yamato Musubi\AppData\Local\Programs\MiKTeX\tex/latex/rerunfilecheck\
rerunfilecheck.sty
Package: rerunfilecheck 2019/12/05 v1.9 Rerun checks for auxiliary files (HO)

(C:\Users\Yamato Musubi\AppData\Local\Programs\MiKTeX\tex/generic/uniquecounter
\uniquecounter.sty
Package: uniquecounter 2019/12/15 v1.4 Provide unlimited unique counter (HO)
)
Package uniquecounter Info: New unique counter `rerunfilecheck' on input line 2
86.
)
\Hy@SectionHShift=\skip52
)
(C:\Users\Yamato Musubi\AppData\Local\Programs\MiKTeX\tex/latex/epsf\epsf.sty
This is `epsf.tex' v2.7.4 <14 February 2011>
\epsffilein=\read4
\epsfframemargin=\dimen164
\epsfframethickness=\dimen165
\epsfrsize=\dimen166
\epsftmp=\dimen167
\epsftsize=\dimen168
\epsfxsize=\dimen169
\epsfysize=\dimen170
\pspoints=\dimen171
)
(C:\Users\Yamato Musubi\AppData\Local\Programs\MiKTeX\tex/latex/enumitem\enumit
em.sty
Package: enumitem 2019/06/20 v3.9 Customized lists
\labelindent=\skip53
\enit@outerparindent=\dimen172
\enit@toks=\toks29
\enit@inbox=\box54
\enit@count@id=\count287
\enitdp@description=\count288
)
(C:\Users\Yamato Musubi\AppData\Local\Programs\MiKTeX\tex/latex/psnfss\pifont.s
ty
Package: pifont 2020/03/25 PSNFSS-v9.3 Pi font support (SPQR) 
LaTeX Font Info:    Trying to load font information for U+pzd on input line 63.


(C:\Users\Yamato Musubi\AppData\Local\Programs\MiKTeX\tex/latex/psnfss\upzd.fd
File: upzd.fd 2001/06/04 font definitions for U/pzd.
)
LaTeX Font Info:    Trying to load font information for U+psy on input line 64.

(C:\Users\Yamato Musubi\AppData\Local\Programs\MiKTeX\tex/latex/psnfss\upsy.fd
File: upsy.fd 2001/06/04 font definitions for U/psy.
))
(C:\Users\Yamato Musubi\AppData\Local\Programs\MiKTeX\tex/latex/preprint\authbl
k.sty
Package: authblk 2001/02/27 1.3 (PWD)
\affilsep=\skip54
\@affilsep=\skip55
\c@Maxaffil=\count289
\c@authors=\count290
\c@affil=\count291
)
(C:\Users\Yamato Musubi\AppData\Local\Programs\MiKTeX\tex/latex/titling\titling
.sty
Package: titling 2009/09/04 v2.1d maketitle typesetting
\thanksmarkwidth=\skip56
\thanksmargin=\skip57
\droptitle=\skip58
)
(C:\Users\Yamato Musubi\AppData\Local\Programs\MiKTeX\tex/latex/floatflt\floatf
lt.sty
Package: floatflt 1997/07/16 v. 1.31
\c@OptionTest=\count292
\figbox=\box55
\tabbox=\box56
\pagebox=\box57
\ffigcount=\count293
\ftabcount=\count294
\fftest=\count295
\hangcount=\count296
\nosuccesstryfig=\count297
\nosuccesstrytab=\count298
\figgutter=\dimen173
\tabgutter=\dimen174
\htdone=\dimen175
\pageht=\dimen176
\startpageht=\dimen177
\tabbredd=\dimen178
\floatfltwidth=\dimen179
\fltitemwidth=\dimen180
\outputpretest=\toks30
)
LaTeX Font Info:    Trying to load font information for T1+lmr on input line 39
.

(C:\Users\Yamato Musubi\AppData\Local\Programs\MiKTeX\tex/latex/lm\t1lmr.fd
File: t1lmr.fd 2009/10/30 v1.6 Font defs for Latin Modern
)
(C:\Users\Yamato Musubi\AppData\Local\Programs\MiKTeX\tex/latex/l3backend\l3bac
kend-pdftex.def
File: l3backend-pdftex.def 2021-08-04 L3 backend support: PDF output (pdfTeX)
\l__color_backend_stack_int=\count299
\l__pdf_internal_box=\box58
) (rapport.aux

LaTeX Warning: Label `eq2' multiply defined.


LaTeX Warning: Label `eq3' multiply defined.

)
\openout1 = `rapport.aux'.

LaTeX Font Info:    Checking defaults for OML/cmm/m/it on input line 39.
LaTeX Font Info:    ... okay on input line 39.
LaTeX Font Info:    Checking defaults for OMS/cmsy/m/n on input line 39.
LaTeX Font Info:    ... okay on input line 39.
LaTeX Font Info:    Checking defaults for OT1/cmr/m/n on input line 39.
LaTeX Font Info:    ... okay on input line 39.
LaTeX Font Info:    Checking defaults for T1/cmr/m/n on input line 39.
LaTeX Font Info:    ... okay on input line 39.
LaTeX Font Info:    Checking defaults for TS1/cmr/m/n on input line 39.
LaTeX Font Info:    ... okay on input line 39.
LaTeX Font Info:    Checking defaults for OMX/cmex/m/n on input line 39.
LaTeX Font Info:    ... okay on input line 39.
LaTeX Font Info:    Checking defaults for U/cmr/m/n on input line 39.
LaTeX Font Info:    ... okay on input line 39.
LaTeX Font Info:    Checking defaults for PD1/pdf/m/n on input line 39.
LaTeX Font Info:    ... okay on input line 39.
LaTeX Font Info:    Checking defaults for PU/pdf/m/n on input line 39.
LaTeX Font Info:    ... okay on input line 39.
LaTeX Info: Redefining \degres on input line 39.
Package french.ldf Info: Setting StandardItemizeEnv=true for
(french.ldf)             compatibility with enumitem package,
(french.ldf)             reported on input line 39.
Package french.ldf Info: Setting StandardEnumerateEnv=true for
(french.ldf)             compatibility with enumitem package,
(french.ldf)             reported on input line 39.
LaTeX Info: Redefining \up on input line 39.

(C:\Users\Yamato Musubi\AppData\Local\Programs\MiKTeX\tex/context/base/mkii\sup
p-pdf.mkii
[Loading MPS to PDF converter (version 2006.09.02).]
\scratchcounter=\count300
\scratchdimen=\dimen181
\scratchbox=\box59
\nofMPsegments=\count301
\nofMParguments=\count302
\everyMPshowfont=\toks31
\MPscratchCnt=\count303
\MPscratchDim=\dimen182
\MPnumerator=\count304
\makeMPintoPDFobject=\count305
\everyMPtoPDFconversion=\toks32
)
(C:\Users\Yamato Musubi\AppData\Local\Programs\MiKTeX\tex/latex/epstopdf-pkg\ep
stopdf-base.sty
Package: epstopdf-base 2020-01-24 v2.11 Base part for package epstopdf
Package epstopdf-base Info: Redefining graphics rule for `.eps' on input line 4
85.

(C:\Users\Yamato Musubi\AppData\Local\Programs\MiKTeX\tex/latex/00miktex\epstop
df-sys.cfg
File: epstopdf-sys.cfg 2021/03/18 v2.0 Configuration of epstopdf for MiKTeX
))
(C:\Users\Yamato Musubi\AppData\Local\Programs\MiKTeX\tex/latex/graphics\color.
sty
Package: color 2020/02/24 v1.2b Standard LaTeX Color (DPC)

(C:\Users\Yamato Musubi\AppData\Local\Programs\MiKTeX\tex/latex/graphics-cfg\co
lor.cfg
File: color.cfg 2016/01/02 v1.6 sample color configuration
)
Package color Info: Driver file: pdftex.def on input line 149.
)
Package hyperref Info: Link coloring ON on input line 39.

(C:\Users\Yamato Musubi\AppData\Local\Programs\MiKTeX\tex/latex/hyperref\namere
f.sty
Package: nameref 2021-04-02 v2.47 Cross-referencing by name of section

(C:\Users\Yamato Musubi\AppData\Local\Programs\MiKTeX\tex/latex/refcount\refcou
nt.sty
Package: refcount 2019/12/15 v3.6 Data extraction from label references (HO)
)
(C:\Users\Yamato Musubi\AppData\Local\Programs\MiKTeX\tex/generic/gettitlestrin
g\gettitlestring.sty
Package: gettitlestring 2019/12/15 v1.6 Cleanup title references (HO)
)
\c@section@level=\count306
)
LaTeX Info: Redefining \ref on input line 39.
LaTeX Info: Redefining \pageref on input line 39.
LaTeX Info: Redefining \nameref on input line 39.
 (rapport.out) (rapport.out)
\@outlinefile=\write4
\openout4 = `rapport.out'.

<Logo_Polytech_Sorbonne-2.png, id=59, 1075.76906pt x 424.58624pt>
File: Logo_Polytech_Sorbonne-2.png Graphic file (type png)
<use Logo_Polytech_Sorbonne-2.png>
Package pdftex.def Info: Logo_Polytech_Sorbonne-2.png  used on input line 40.
(pdftex.def)             Requested size: 142.25145pt x 56.14403pt.
<Logo_Sorbonne_Universite-2.png, id=60, 1792.7778pt x 730.8906pt>
File: Logo_Sorbonne_Universite-2.png Graphic file (type png)
<use Logo_Sorbonne_Universite-2.png>
Package pdftex.def Info: Logo_Sorbonne_Universite-2.png  used on input line 40.

(pdftex.def)             Requested size: 142.24886pt x 57.99287pt.
<rtr1qbn7.jpg, id=62, 1284.8pt x 814.04124pt>
File: rtr1qbn7.jpg Graphic file (type jpg)
<use rtr1qbn7.jpg>
Package pdftex.def Info: rtr1qbn7.jpg  used on input line 40.
(pdftex.def)             Requested size: 256.07324pt x 162.2464pt.
LaTeX Font Info:    Trying to load font information for OT1+lmr on input line 4
0.

(C:\Users\Yamato Musubi\AppData\Local\Programs\MiKTeX\tex/latex/lm\ot1lmr.fd
File: ot1lmr.fd 2009/10/30 v1.6 Font defs for Latin Modern
)
LaTeX Font Info:    Trying to load font information for OML+lmm on input line 4
0.

(C:\Users\Yamato Musubi\AppData\Local\Programs\MiKTeX\tex/latex/lm\omllmm.fd
File: omllmm.fd 2009/10/30 v1.6 Font defs for Latin Modern
)
LaTeX Font Info:    Trying to load font information for OMS+lmsy on input line 
40.

(C:\Users\Yamato Musubi\AppData\Local\Programs\MiKTeX\tex/latex/lm\omslmsy.fd
File: omslmsy.fd 2009/10/30 v1.6 Font defs for Latin Modern
)
LaTeX Font Info:    Trying to load font information for OMX+lmex on input line 
40.

(C:\Users\Yamato Musubi\AppData\Local\Programs\MiKTeX\tex/latex/lm\omxlmex.fd
File: omxlmex.fd 2009/10/30 v1.6 Font defs for Latin Modern
)
LaTeX Font Info:    External font `lmex10' loaded for size
(Font)              <12> on input line 40.
LaTeX Font Info:    External font `lmex10' loaded for size
(Font)              <8> on input line 40.
LaTeX Font Info:    External font `lmex10' loaded for size
(Font)              <6> on input line 40.

[1

{C:/Users/Yamato Musubi/AppData/Local/MiKTeX/pdftex/config/pdftex.map} <./Logo_
Polytech_Sorbonne-2.png> <./Logo_Sorbonne_Universite-2.png> <./rtr1qbn7.jpg>] (
rapport.toc
LaTeX Font Info:    External font `lmex10' loaded for size
(Font)              <10> on input line 4.
LaTeX Font Info:    External font `lmex10' loaded for size
(Font)              <7> on input line 4.
LaTeX Font Info:    External font `lmex10' loaded for size
(Font)              <5> on input line 4.
)
\tf@toc=\write5
\openout5 = `rapport.toc'.

 [2] [3]
Underfull \hbox (badness 10000) in paragraph at lines 94--97

 []


Underfull \hbox (badness 10000) in paragraph at lines 94--97

 []


Underfull \hbox (badness 10000) in paragraph at lines 114--115

 []

[4]
Underfull \hbox (badness 10000) in paragraph at lines 131--136

 []

[5]
Underfull \hbox (badness 10000) in paragraph at lines 167--171

 []


Underfull \hbox (badness 10000) in paragraph at lines 167--171

 []

[6]
<H.png, id=148, 1927.2pt x 1204.5pt>
File: H.png Graphic file (type png)
<use H.png>
Package pdftex.def Info: H.png  used on input line 234.
(pdftex.def)             Requested size: 213.37477pt x 133.35922pt.

Underfull \hbox (badness 10000) in paragraph at lines 228--239

 []


Underfull \hbox (badness 10000) in paragraph at lines 228--239

 []


Underfull \hbox (badness 10000) in paragraph at lines 240--242

 []

[7 <./H.png>]
<equilibrium_line_altitude1.png, id=161, 513.8397pt x 496.4949pt>
File: equilibrium_line_altitude1.png Graphic file (type png)
<use equilibrium_line_altitude1.png>
Package pdftex.def Info: equilibrium_line_altitude1.png  used on input line 254
.
(pdftex.def)             Requested size: 284.54149pt x 274.9367pt.
 [8 <./equilibrium_line_altitude1.png>]
<Differences.png, id=168, 767.86874pt x 146.949pt>
File: Differences.png Graphic file (type png)
<use Differences.png>
Package pdftex.def Info: Differences.png  used on input line 272.
(pdftex.def)             Requested size: 284.52878pt x 54.45099pt.

Underfull \hbox (badness 10000) in paragraph at lines 278--280

 []

LaTeX Font Info:    Trying to load font information for T1+lmtt on input line 2
85.
(C:\Users\Yamato Musubi\AppData\Local\Programs\MiKTeX\tex/latex/lm\t1lmtt.fd
File: t1lmtt.fd 2009/10/30 v1.6 Font defs for Latin Modern
)
[9 <./Differences.png>]
Overfull \hbox (17.24895pt too wide) in paragraph at lines 311--311
[]            \T1/lmtt/m/n/10 ResH       .= -(H[2:end-1]-Hold[2:end-1])/dt -dif
f(qH)/dx[] 
 []


Overfull \hbox (17.24895pt too wide) in paragraph at lines 311--311
[]            \T1/lmtt/m/n/10 dHdtau     .= ResH                       # rate o
f change[] 
 []


Underfull \hbox (badness 10000) in paragraph at lines 312--316

 []


Overfull \hbox (17.24895pt too wide) in paragraph at lines 330--330
[]            \T1/lmtt/m/n/10 ResH       .= -(H[2:end-1]-Hold[2:end-1])/dt -dif
f(qH)/dx[] 
 []


Overfull \hbox (53.99884pt too wide) in paragraph at lines 330--330
[]            \T1/lmtt/m/n/10 dHdtau     .= ResH + damp*dHdtau         # damped
 rate of change[] 
 []

[10]
Underfull \hbox (badness 10000) in paragraph at lines 333--339

 []

[11]
Underfull \hbox (badness 10000) in paragraph at lines 341--343

 []


Overfull \hbox (17.24895pt too wide) in paragraph at lines 357--357
[]        \T1/lmtt/m/n/10 dtau        .= dtausc*min.(10.0, cfl./(epsi .+ av(D[2
:end])))[] 
 []


Overfull \hbox (17.24895pt too wide) in paragraph at lines 371--371
[] \T1/lmtt/m/n/10 # Permet de récupérer toutes les valeurs nécessaires pour l'
ablation[] 
 []


Overfull \hbox (17.24895pt too wide) in paragraph at lines 371--371
[]    \T1/lmtt/m/n/10 Xc, Yc   = [Float32(x) for x=xc,y=yc], [Float32(y) for x=
xc,y=yc][] 
 []


Overfull \hbox (85.49875pt too wide) in paragraph at lines 371--371
[]    \T1/lmtt/m/n/10 grad_b   = (1.3517 .- 0.014158.*(lat_min.+Yc2*(lat_max-la
t_min)))./100.0.*0.91[] 
 []

[12]
Underfull \hbox (badness 10000) in paragraph at lines 373--383

 []


Underfull \hbox (badness 10000) in paragraph at lines 373--383

 []


Underfull \hbox (badness 10000) in paragraph at lines 373--383

 []

[13]
Overfull \hbox (27.74892pt too wide) in paragraph at lines 394--394
[]            \T1/lmtt/m/n/10 decreasing `damp` and/or `dtausc`, more smoothing
 steps""")[] 
 []


Underfull \hbox (badness 10000) in paragraph at lines 395--401

 []

[14]
<Groenland.png, id=204, 595.22375pt x 395.4775pt>
File: Groenland.png Graphic file (type png)
<use Groenland.png>
Package pdftex.def Info: Groenland.png  used on input line 411.
(pdftex.def)             Requested size: 284.52345pt x 189.04256pt.

Overfull \hbox (48.74886pt too wide) in paragraph at lines 431--431
[]\T1/lmtt/m/n/10 # On extrait toutes les valeurs nécessaires depuis le fichier
 helpers.jl...[] 
 []

[15 <./Groenland.png>]
Overfull \hbox (48.74886pt too wide) in paragraph at lines 456--456
[]\T1/lmtt/m/n/10 # Booléen qui nous permettra d'appliquer le masque pour le ni
veau de la mer[] 
 []

[16]
<Iceflow1D.png, id=215, 600.2425pt x 398.48875pt>
File: Iceflow1D.png Graphic file (type png)
<use Iceflow1D.png>
Package pdftex.def Info: Iceflow1D.png  used on input line 467.
(pdftex.def)             Requested size: 284.53197pt x 188.89497pt.
 [17 <./Iceflow1D.png>] [18]
<Vitesses.png, id=226, 560.69475pt x 375.20175pt>
File: Vitesses.png Graphic file (type png)
<use Vitesses.png>
Package pdftex.def Info: Vitesses.png  used on input line 500.
(pdftex.def)             Requested size: 284.53032pt x 190.39998pt.
 [19 <./Vitesses.png>]
<ligne43.png, id=234, 517.18219pt x 542.025pt>
File: ligne43.png Graphic file (type png)
<use ligne43.png>
Package pdftex.def Info: ligne43.png  used on input line 512.
(pdftex.def)             Requested size: 271.49315pt x 284.5343pt.
 [20 <./ligne43.png>]
LaTeX Font Info:    Trying to load font information for TS1+lmr on input line 5
31.

(C:\Users\Yamato Musubi\AppData\Local\Programs\MiKTeX\tex/latex/lm\ts1lmr.fd
File: ts1lmr.fd 2009/10/30 v1.6 Font defs for Latin Modern
)
<Variation.png, id=242, 245.11575pt x 217.41225pt>
File: Variation.png Graphic file (type png)
<use Variation.png>
Package pdftex.def Info: Variation.png  used on input line 534.
(pdftex.def)             Requested size: 284.55139pt x 252.39076pt.

[21 <./Variation.png>]
<Damp01.png, id=251, 331.2375pt x 27.7035pt>
File: Damp01.png Graphic file (type png)
<use Damp01.png>
Package pdftex.def Info: Damp01.png  used on input line 543.
(pdftex.def)             Requested size: 284.54027pt x 23.7979pt.
<Damp1.png, id=252, 357.7365pt x 260.172pt>
File: Damp1.png Graphic file (type png)
<use Damp1.png>
Package pdftex.def Info: Damp1.png  used on input line 549.
(pdftex.def)             Requested size: 284.53561pt x 206.93498pt.
 [22 <./Damp01.png> <./Damp1.png>] (rapport.bbl) [23]
(rapport.aux)

LaTeX Warning: There were multiply-defined labels.

Package rerunfilecheck Info: File `rapport.out' has not changed.
(rerunfilecheck)             Checksum: EA7AF512D487EB44829D00F20AA4FB54;2761.
 ) 
Here is how much of TeX's memory you used:
 11687 strings out of 478927
 180120 string characters out of 2848707
 503654 words of memory out of 3000000
 29241 multiletter control sequences out of 15000+600000
 472937 words of font info for 65 fonts, out of 8000000 for 9000
 1141 hyphenation exceptions out of 8191
 60i,16n,66p,1036b,424s stack positions out of 5000i,500n,10000p,200000b,80000s
{C:/Users/Yamato Musubi/AppData/Local/Programs/MiKTeX/fonts/enc/dvips/lm/lm-t
s1.enc}{C:/Users/Yamato Musubi/AppData/Local/Programs/MiKTeX/fonts/enc/dvips/lm
/lm-ec.enc}{C:/Users/Yamato Musubi/AppData/Local/Programs/MiKTeX/fonts/enc/dvip
s/lm/lm-rm.enc}{C:/Users/Yamato Musubi/AppData/Local/Programs/MiKTeX/fonts/enc/
dvips/lm/lm-mathsy.enc}{C:/Users/Yamato Musubi/AppData/Local/Programs/MiKTeX/fo
nts/enc/dvips/lm/lm-mathit.enc}{C:/Users/Yamato Musubi/AppData/Local/Programs/M
iKTeX/fonts/enc/dvips/lm/lm-mathex.enc}<C:/Users/Yamato Musubi/AppData/Local/Pr
ograms/MiKTeX/fonts/type1/public/lm/lmbx10.pfb><C:/Users/Yamato Musubi/AppData/
Local/Programs/MiKTeX/fonts/type1/public/lm/lmbx12.pfb><C:/Users/Yamato Musubi/
AppData/Local/Programs/MiKTeX/fonts/type1/public/lm/lmcsc10.pfb><C:/Users/Yamat
o Musubi/AppData/Local/Programs/MiKTeX/fonts/type1/public/lm/lmex10.pfb><C:/Use
rs/Yamato Musubi/AppData/Local/Programs/MiKTeX/fonts/type1/public/lm/lmmi10.pfb
><C:/Users/Yamato Musubi/AppData/Local/Programs/MiKTeX/fonts/type1/public/lm/lm
mi5.pfb><C:/Users/Yamato Musubi/AppData/Local/Programs/MiKTeX/fonts/type1/publi
c/lm/lmmi7.pfb><C:/Users/Yamato Musubi/AppData/Local/Programs/MiKTeX/fonts/type
1/public/lm/lmr10.pfb><C:/Users/Yamato Musubi/AppData/Local/Programs/MiKTeX/fon
ts/type1/public/lm/lmr12.pfb><C:/Users/Yamato Musubi/AppData/Local/Programs/MiK
TeX/fonts/type1/public/lm/lmr17.pfb><C:/Users/Yamato Musubi/AppData/Local/Progr
ams/MiKTeX/fonts/type1/public/lm/lmr5.pfb><C:/Users/Yamato Musubi/AppData/Local
/Programs/MiKTeX/fonts/type1/public/lm/lmr7.pfb><C:/Users/Yamato Musubi/AppData
/Local/Programs/MiKTeX/fonts/type1/public/lm/lmri10.pfb><C:/Users/Yamato Musubi
/AppData/Local/Programs/MiKTeX/fonts/type1/public/lm/lmsy10.pfb><C:/Users/Yamat
o Musubi/AppData/Local/Programs/MiKTeX/fonts/type1/public/lm/lmsy5.pfb><C:/User
s/Yamato Musubi/AppData/Local/Programs/MiKTeX/fonts/type1/public/lm/lmsy7.pfb><
C:/Users/Yamato Musubi/AppData/Local/Programs/MiKTeX/fonts/type1/public/lm/lmtt
10.pfb>
Output written on rapport.pdf (23 pages, 1464846 bytes).
PDF statistics:
 369 PDF objects out of 1000 (max. 8388607)
 79 named destinations out of 1000 (max. 500000)
 178 words of extra memory for PDF output out of 10000 (max. 10000000)

